2021-04-16 15:06:53,302 INFO [background-preinit] o.h.validator.internal.util.Version [Version.java : 21] HV000001: Hibernate Validator 6.1.5.Final
2021-04-16 15:06:58,316 WARN [main] o.s.boot.StartupInfoLogger [StartupInfoLogger.java : 116] InetAddress.getLocalHost().getHostName() took 5005 milliseconds to respond. Please verify your network configuration (macOS machines may need to add entries to /etc/hosts).
2021-04-16 15:07:03,323 INFO [main] c.c.w.g.c.GscCollectionControllerTest [StartupInfoLogger.java : 55] Starting GscCollectionControllerTest on macdeMac-mini.local with PID 30985 (started by mac in /Users/mac/rory/gitwork/wxbase)
2021-04-16 15:07:03,324 INFO [main] c.c.w.g.c.GscCollectionControllerTest [SpringApplication.java : 651] No active profile set, falling back to default profiles: default
2021-04-16 15:07:04,069 INFO [main] o.s.d.r.c.RepositoryConfigurationDelegate [RepositoryConfigurationDelegate.java : 249] Multiple Spring Data modules found, entering strict repository configuration mode!
2021-04-16 15:07:04,072 INFO [main] o.s.d.r.c.RepositoryConfigurationDelegate [RepositoryConfigurationDelegate.java : 127] Bootstrapping Spring Data Redis repositories in DEFAULT mode.
2021-04-16 15:07:04,108 INFO [main] o.s.d.r.c.RepositoryConfigurationDelegate [RepositoryConfigurationDelegate.java : 187] Finished Spring Data repository scanning in 21ms. Found 0 Redis repository interfaces.
2021-04-16 15:07:07,830 INFO [main] s.d.s.w.PropertySourcedRequestMappingHandlerMapping [PropertySourcedRequestMappingHandlerMapping.java : 69] Mapped URL path [/v2/api-docs] onto method [springfox.documentation.swagger2.web.Swagger2Controller#getDocumentation(String, HttpServletRequest)]
2021-04-16 15:07:14,278 INFO [main] o.s.s.c.ThreadPoolTaskExecutor [ExecutorConfigurationSupport.java : 181] Initializing ExecutorService 'applicationTaskExecutor'
2021-04-16 15:07:14,854 INFO [main] s.d.s.w.p.DocumentationPluginsBootstrapper [DocumentationPluginsBootstrapper.java : 160] Context refreshed
2021-04-16 15:07:14,886 INFO [main] s.d.s.w.p.DocumentationPluginsBootstrapper [DocumentationPluginsBootstrapper.java : 163] Found 1 custom documentation plugin(s)
2021-04-16 15:07:14,923 INFO [main] s.d.s.w.s.ApiListingReferenceScanner [ApiListingReferenceScanner.java : 41] Scanning for api listing references
2021-04-16 15:07:15,124 INFO [main] s.d.s.w.r.o.CachingOperationNameGenerator [CachingOperationNameGenerator.java : 40] Generating unique operation named: queryUsingPOST_1
2021-04-16 15:07:15,130 INFO [main] s.d.s.w.r.o.CachingOperationNameGenerator [CachingOperationNameGenerator.java : 40] Generating unique operation named: deleteByIdsUsingPOST_1
2021-04-16 15:07:15,133 INFO [main] s.d.s.w.r.o.CachingOperationNameGenerator [CachingOperationNameGenerator.java : 40] Generating unique operation named: insertUsingPOST_1
2021-04-16 15:07:15,138 INFO [main] s.d.s.w.r.o.CachingOperationNameGenerator [CachingOperationNameGenerator.java : 40] Generating unique operation named: queryUsingPOST_2
2021-04-16 15:07:15,140 INFO [main] s.d.s.w.r.o.CachingOperationNameGenerator [CachingOperationNameGenerator.java : 40] Generating unique operation named: updateUsingPOST_1
2021-04-16 15:07:15,143 INFO [main] s.d.s.w.r.o.CachingOperationNameGenerator [CachingOperationNameGenerator.java : 40] Generating unique operation named: loginUsingPOST_1
2021-04-16 15:07:15,751 INFO [main] o.s.s.a.ScheduledAnnotationBeanPostProcessor [ScheduledAnnotationBeanPostProcessor.java : 309] No TaskScheduler/ScheduledExecutorService bean found for scheduled processing
2021-04-16 15:07:15,764 INFO [main] c.c.w.g.c.GscCollectionControllerTest [StartupInfoLogger.java : 61] Started GscCollectionControllerTest in 32.797 seconds (JVM running for 33.759)
2021-04-16 15:07:15,998 INFO [main] c.c.w.c.c.aspect.ControllerLogAspect [ControllerLogAspect.java : 37] URL : http://localhost
2021-04-16 15:07:15,998 INFO [main] c.c.w.c.c.aspect.ControllerLogAspect [ControllerLogAspect.java : 38] HTTP METHOD : 
2021-04-16 15:07:15,998 INFO [main] c.c.w.c.c.aspect.ControllerLogAspect [ControllerLogAspect.java : 39] IP : 127.0.0.1
2021-04-16 15:07:16,000 INFO [main] c.c.w.c.c.aspect.ControllerLogAspect [ControllerLogAspect.java : 40] CLASS_METHOD : com.crh.wxbase.gsc.controller.GscCollectionController.queryCollection
2021-04-16 15:07:16,005 INFO [main] c.c.w.c.c.aspect.ControllerLogAspect [ControllerLogAspect.java : 42] PARAMS : [{"page":1,"pageSize":10,"collectType":"0"}]
2021-04-16 15:07:16,056 INFO [SpringContextShutdownHook] o.s.s.c.ThreadPoolTaskExecutor [ExecutorConfigurationSupport.java : 218] Shutting down ExecutorService 'applicationTaskExecutor'
2021-04-16 15:15:22,384 INFO [background-preinit] o.h.validator.internal.util.Version [Version.java : 21] HV000001: Hibernate Validator 6.1.5.Final
2021-04-16 15:15:44,103 INFO [background-preinit] o.h.validator.internal.util.Version [Version.java : 21] HV000001: Hibernate Validator 6.1.5.Final
2021-04-16 15:15:49,113 WARN [main] o.s.boot.StartupInfoLogger [StartupInfoLogger.java : 116] InetAddress.getLocalHost().getHostName() took 5001 milliseconds to respond. Please verify your network configuration (macOS machines may need to add entries to /etc/hosts).
2021-04-16 15:15:54,121 INFO [main] c.c.w.g.c.GscCollectionControllerTest [StartupInfoLogger.java : 55] Starting GscCollectionControllerTest on macdeMac-mini.local with PID 31017 (started by mac in /Users/mac/rory/gitwork/wxbase)
2021-04-16 15:15:54,122 INFO [main] c.c.w.g.c.GscCollectionControllerTest [SpringApplication.java : 651] No active profile set, falling back to default profiles: default
2021-04-16 15:15:54,762 INFO [main] o.s.d.r.c.RepositoryConfigurationDelegate [RepositoryConfigurationDelegate.java : 249] Multiple Spring Data modules found, entering strict repository configuration mode!
2021-04-16 15:15:54,765 INFO [main] o.s.d.r.c.RepositoryConfigurationDelegate [RepositoryConfigurationDelegate.java : 127] Bootstrapping Spring Data Redis repositories in DEFAULT mode.
2021-04-16 15:15:54,796 INFO [main] o.s.d.r.c.RepositoryConfigurationDelegate [RepositoryConfigurationDelegate.java : 187] Finished Spring Data repository scanning in 20ms. Found 0 Redis repository interfaces.
2021-04-16 15:15:58,105 INFO [main] s.d.s.w.PropertySourcedRequestMappingHandlerMapping [PropertySourcedRequestMappingHandlerMapping.java : 69] Mapped URL path [/v2/api-docs] onto method [springfox.documentation.swagger2.web.Swagger2Controller#getDocumentation(String, HttpServletRequest)]
2021-04-16 15:16:04,267 INFO [main] o.s.s.c.ThreadPoolTaskExecutor [ExecutorConfigurationSupport.java : 181] Initializing ExecutorService 'applicationTaskExecutor'
2021-04-16 15:16:04,916 INFO [main] s.d.s.w.p.DocumentationPluginsBootstrapper [DocumentationPluginsBootstrapper.java : 160] Context refreshed
2021-04-16 15:16:04,943 INFO [main] s.d.s.w.p.DocumentationPluginsBootstrapper [DocumentationPluginsBootstrapper.java : 163] Found 1 custom documentation plugin(s)
2021-04-16 15:16:04,988 INFO [main] s.d.s.w.s.ApiListingReferenceScanner [ApiListingReferenceScanner.java : 41] Scanning for api listing references
2021-04-16 15:16:05,279 INFO [main] s.d.s.w.r.o.CachingOperationNameGenerator [CachingOperationNameGenerator.java : 40] Generating unique operation named: queryUsingPOST_1
2021-04-16 15:16:05,293 INFO [main] s.d.s.w.r.o.CachingOperationNameGenerator [CachingOperationNameGenerator.java : 40] Generating unique operation named: deleteByIdsUsingPOST_1
2021-04-16 15:16:05,301 INFO [main] s.d.s.w.r.o.CachingOperationNameGenerator [CachingOperationNameGenerator.java : 40] Generating unique operation named: insertUsingPOST_1
2021-04-16 15:16:05,309 INFO [main] s.d.s.w.r.o.CachingOperationNameGenerator [CachingOperationNameGenerator.java : 40] Generating unique operation named: queryUsingPOST_2
2021-04-16 15:16:05,311 INFO [main] s.d.s.w.r.o.CachingOperationNameGenerator [CachingOperationNameGenerator.java : 40] Generating unique operation named: updateUsingPOST_1
2021-04-16 15:16:05,315 INFO [main] s.d.s.w.r.o.CachingOperationNameGenerator [CachingOperationNameGenerator.java : 40] Generating unique operation named: loginUsingPOST_1
2021-04-16 15:16:05,857 INFO [main] o.s.s.a.ScheduledAnnotationBeanPostProcessor [ScheduledAnnotationBeanPostProcessor.java : 309] No TaskScheduler/ScheduledExecutorService bean found for scheduled processing
2021-04-16 15:16:05,872 INFO [main] c.c.w.g.c.GscCollectionControllerTest [StartupInfoLogger.java : 61] Started GscCollectionControllerTest in 32.107 seconds (JVM running for 33.16)
2021-04-16 15:16:06,104 INFO [main] c.c.w.c.c.aspect.ControllerLogAspect [ControllerLogAspect.java : 37] URL : http://localhost
2021-04-16 15:16:06,104 INFO [main] c.c.w.c.c.aspect.ControllerLogAspect [ControllerLogAspect.java : 38] HTTP METHOD : 
2021-04-16 15:16:06,104 INFO [main] c.c.w.c.c.aspect.ControllerLogAspect [ControllerLogAspect.java : 39] IP : 127.0.0.1
2021-04-16 15:16:06,105 INFO [main] c.c.w.c.c.aspect.ControllerLogAspect [ControllerLogAspect.java : 40] CLASS_METHOD : com.crh.wxbase.gsc.controller.GscCollectionController.queryCollection
2021-04-16 15:16:06,109 INFO [main] c.c.w.c.c.aspect.ControllerLogAspect [ControllerLogAspect.java : 42] PARAMS : [{"page":1,"pageSize":10,"collectType":"0"}]
2021-04-16 15:16:06,193 INFO [main] com.zaxxer.hikari.HikariDataSource [HikariDataSource.java : 110] HikariPool-1 - Starting...
2021-04-16 15:16:06,586 INFO [main] com.zaxxer.hikari.HikariDataSource [HikariDataSource.java : 123] HikariPool-1 - Start completed.
2021-04-16 15:16:06,706 INFO [main] c.c.w.c.c.aspect.ControllerLogAspect [ControllerLogAspect.java : 53] RESULT : {"code":200,"msg":"请求成功","items":[{"openId":"oPkYQ5PB0939moD3qTCLQB-vElz8","name":"收藏夹1","hasFolder":"1","collectType":"0","id":1},{"openId":"oPkYQ5PB0939moD3qTCLQB-vElz8","name":"收藏夹2","hasFolder":"1","collectType":"0","id":2}],"page":{"currentPage":1,"pageSize":10,"totalPages":1,"totalRows":2}}
2021-04-16 15:16:06,706 INFO [main] c.c.w.c.c.aspect.ControllerLogAspect [ControllerLogAspect.java : 65] 耗时 :602毫秒 
2021-04-16 15:16:52,445 WARN [HikariPool-1 housekeeper] com.zaxxer.hikari.pool.HikariPool [HikariPool.java : 787] HikariPool-1 - Thread starvation or clock leap detected (housekeeper delta=45s754ms).
2021-04-16 15:16:52,446 INFO [main] c.c.w.g.c.GscCollectionControllerTest [GscCollectionControllerTest.java : 35] {"code":200,"msg":"请求成功","items":[{"openId":"oPkYQ5PB0939moD3qTCLQB-vElz8","name":"收藏夹1","hasFolder":"1","collectType":"0","id":1},{"openId":"oPkYQ5PB0939moD3qTCLQB-vElz8","name":"收藏夹2","hasFolder":"1","collectType":"0","id":2}],"page":{"currentPage":1,"pageSize":10,"totalPages":1,"totalRows":2}}
2021-04-16 15:16:52,494 INFO [SpringContextShutdownHook] o.s.s.c.ThreadPoolTaskExecutor [ExecutorConfigurationSupport.java : 218] Shutting down ExecutorService 'applicationTaskExecutor'
2021-04-16 15:16:52,497 INFO [SpringContextShutdownHook] com.zaxxer.hikari.HikariDataSource [HikariDataSource.java : 350] HikariPool-1 - Shutdown initiated...
2021-04-16 15:16:52,712 INFO [SpringContextShutdownHook] com.zaxxer.hikari.HikariDataSource [HikariDataSource.java : 352] HikariPool-1 - Shutdown completed.
2021-04-16 15:17:20,304 INFO [background-preinit] o.h.validator.internal.util.Version [Version.java : 21] HV000001: Hibernate Validator 6.1.5.Final
2021-04-16 15:17:25,315 WARN [main] o.s.boot.StartupInfoLogger [StartupInfoLogger.java : 116] InetAddress.getLocalHost().getHostName() took 5004 milliseconds to respond. Please verify your network configuration (macOS machines may need to add entries to /etc/hosts).
2021-04-16 15:17:30,322 INFO [main] c.c.w.g.c.GscCollectionControllerTest [StartupInfoLogger.java : 55] Starting GscCollectionControllerTest on macdeMac-mini.local with PID 31035 (started by mac in /Users/mac/rory/gitwork/wxbase)
2021-04-16 15:17:30,323 INFO [main] c.c.w.g.c.GscCollectionControllerTest [SpringApplication.java : 651] No active profile set, falling back to default profiles: default
2021-04-16 15:17:30,994 INFO [main] o.s.d.r.c.RepositoryConfigurationDelegate [RepositoryConfigurationDelegate.java : 249] Multiple Spring Data modules found, entering strict repository configuration mode!
2021-04-16 15:17:30,996 INFO [main] o.s.d.r.c.RepositoryConfigurationDelegate [RepositoryConfigurationDelegate.java : 127] Bootstrapping Spring Data Redis repositories in DEFAULT mode.
2021-04-16 15:17:31,027 INFO [main] o.s.d.r.c.RepositoryConfigurationDelegate [RepositoryConfigurationDelegate.java : 187] Finished Spring Data repository scanning in 19ms. Found 0 Redis repository interfaces.
2021-04-16 15:17:34,016 INFO [main] s.d.s.w.PropertySourcedRequestMappingHandlerMapping [PropertySourcedRequestMappingHandlerMapping.java : 69] Mapped URL path [/v2/api-docs] onto method [springfox.documentation.swagger2.web.Swagger2Controller#getDocumentation(String, HttpServletRequest)]
2021-04-16 15:17:39,952 INFO [main] o.s.s.c.ThreadPoolTaskExecutor [ExecutorConfigurationSupport.java : 181] Initializing ExecutorService 'applicationTaskExecutor'
2021-04-16 15:17:40,431 INFO [main] s.d.s.w.p.DocumentationPluginsBootstrapper [DocumentationPluginsBootstrapper.java : 160] Context refreshed
2021-04-16 15:17:40,453 INFO [main] s.d.s.w.p.DocumentationPluginsBootstrapper [DocumentationPluginsBootstrapper.java : 163] Found 1 custom documentation plugin(s)
2021-04-16 15:17:40,478 INFO [main] s.d.s.w.s.ApiListingReferenceScanner [ApiListingReferenceScanner.java : 41] Scanning for api listing references
2021-04-16 15:17:40,642 INFO [main] s.d.s.w.r.o.CachingOperationNameGenerator [CachingOperationNameGenerator.java : 40] Generating unique operation named: queryUsingPOST_1
2021-04-16 15:17:40,648 INFO [main] s.d.s.w.r.o.CachingOperationNameGenerator [CachingOperationNameGenerator.java : 40] Generating unique operation named: deleteByIdsUsingPOST_1
2021-04-16 15:17:40,651 INFO [main] s.d.s.w.r.o.CachingOperationNameGenerator [CachingOperationNameGenerator.java : 40] Generating unique operation named: insertUsingPOST_1
2021-04-16 15:17:40,656 INFO [main] s.d.s.w.r.o.CachingOperationNameGenerator [CachingOperationNameGenerator.java : 40] Generating unique operation named: queryUsingPOST_2
2021-04-16 15:17:40,658 INFO [main] s.d.s.w.r.o.CachingOperationNameGenerator [CachingOperationNameGenerator.java : 40] Generating unique operation named: updateUsingPOST_1
2021-04-16 15:17:40,661 INFO [main] s.d.s.w.r.o.CachingOperationNameGenerator [CachingOperationNameGenerator.java : 40] Generating unique operation named: loginUsingPOST_1
2021-04-16 15:17:41,195 INFO [main] o.s.s.a.ScheduledAnnotationBeanPostProcessor [ScheduledAnnotationBeanPostProcessor.java : 309] No TaskScheduler/ScheduledExecutorService bean found for scheduled processing
2021-04-16 15:17:41,210 INFO [main] c.c.w.g.c.GscCollectionControllerTest [StartupInfoLogger.java : 61] Started GscCollectionControllerTest in 31.208 seconds (JVM running for 32.078)
2021-04-16 15:17:41,380 INFO [main] c.c.w.c.c.aspect.ControllerLogAspect [ControllerLogAspect.java : 37] URL : http://localhost
2021-04-16 15:17:41,380 INFO [main] c.c.w.c.c.aspect.ControllerLogAspect [ControllerLogAspect.java : 38] HTTP METHOD : 
2021-04-16 15:17:41,380 INFO [main] c.c.w.c.c.aspect.ControllerLogAspect [ControllerLogAspect.java : 39] IP : 127.0.0.1
2021-04-16 15:17:41,381 INFO [main] c.c.w.c.c.aspect.ControllerLogAspect [ControllerLogAspect.java : 40] CLASS_METHOD : com.crh.wxbase.gsc.controller.GscCollectionController.queryCollection
2021-04-16 15:17:41,385 INFO [main] c.c.w.c.c.aspect.ControllerLogAspect [ControllerLogAspect.java : 42] PARAMS : [{"page":1,"pageSize":10,"collectType":"1"}]
2021-04-16 15:17:41,484 INFO [main] com.zaxxer.hikari.HikariDataSource [HikariDataSource.java : 110] HikariPool-1 - Starting...
2021-04-16 15:17:41,774 INFO [main] com.zaxxer.hikari.HikariDataSource [HikariDataSource.java : 123] HikariPool-1 - Start completed.
2021-04-16 15:17:41,869 INFO [main] c.c.w.c.c.aspect.ControllerLogAspect [ControllerLogAspect.java : 53] RESULT : {"code":200,"msg":"请求成功","items":[{"openId":"oPkYQ5PB0939moD3qTCLQB-vElz8","name":"收藏夹3","hasFolder":"1","collectType":"1","id":3}],"page":{"currentPage":1,"pageSize":10,"totalPages":1,"totalRows":1}}
2021-04-16 15:17:41,869 INFO [main] c.c.w.c.c.aspect.ControllerLogAspect [ControllerLogAspect.java : 65] 耗时 :490毫秒 
2021-04-16 15:18:01,566 WARN [HikariPool-1 housekeeper] com.zaxxer.hikari.pool.HikariPool [HikariPool.java : 787] HikariPool-1 - Thread starvation or clock leap detected (housekeeper delta=49s792ms).
2021-04-16 15:18:01,568 INFO [main] c.c.w.g.c.GscCollectionControllerTest [GscCollectionControllerTest.java : 35] {"code":200,"msg":"请求成功","items":[{"openId":"oPkYQ5PB0939moD3qTCLQB-vElz8","name":"收藏夹3","hasFolder":"1","collectType":"1","id":3}],"page":{"currentPage":1,"pageSize":10,"totalPages":1,"totalRows":1}}
2021-04-16 15:18:01,627 INFO [SpringContextShutdownHook] o.s.s.c.ThreadPoolTaskExecutor [ExecutorConfigurationSupport.java : 218] Shutting down ExecutorService 'applicationTaskExecutor'
2021-04-16 15:18:01,631 INFO [SpringContextShutdownHook] com.zaxxer.hikari.HikariDataSource [HikariDataSource.java : 350] HikariPool-1 - Shutdown initiated...
2021-04-16 15:18:01,679 INFO [SpringContextShutdownHook] com.zaxxer.hikari.HikariDataSource [HikariDataSource.java : 352] HikariPool-1 - Shutdown completed.
2021-04-16 15:19:06,911 INFO [background-preinit] o.h.validator.internal.util.Version [Version.java : 21] HV000001: Hibernate Validator 6.1.5.Final
2021-04-16 15:19:11,921 WARN [main] o.s.boot.StartupInfoLogger [StartupInfoLogger.java : 116] InetAddress.getLocalHost().getHostName() took 5005 milliseconds to respond. Please verify your network configuration (macOS machines may need to add entries to /etc/hosts).
2021-04-16 15:19:16,925 INFO [main] c.c.w.g.c.GscCollectionControllerTest [StartupInfoLogger.java : 55] Starting GscCollectionControllerTest on macdeMac-mini.local with PID 31048 (started by mac in /Users/mac/rory/gitwork/wxbase)
2021-04-16 15:19:16,926 INFO [main] c.c.w.g.c.GscCollectionControllerTest [SpringApplication.java : 651] No active profile set, falling back to default profiles: default
2021-04-16 15:19:17,568 INFO [main] o.s.d.r.c.RepositoryConfigurationDelegate [RepositoryConfigurationDelegate.java : 249] Multiple Spring Data modules found, entering strict repository configuration mode!
2021-04-16 15:19:17,571 INFO [main] o.s.d.r.c.RepositoryConfigurationDelegate [RepositoryConfigurationDelegate.java : 127] Bootstrapping Spring Data Redis repositories in DEFAULT mode.
2021-04-16 15:19:17,602 INFO [main] o.s.d.r.c.RepositoryConfigurationDelegate [RepositoryConfigurationDelegate.java : 187] Finished Spring Data repository scanning in 20ms. Found 0 Redis repository interfaces.
2021-04-16 15:19:20,380 INFO [main] s.d.s.w.PropertySourcedRequestMappingHandlerMapping [PropertySourcedRequestMappingHandlerMapping.java : 69] Mapped URL path [/v2/api-docs] onto method [springfox.documentation.swagger2.web.Swagger2Controller#getDocumentation(String, HttpServletRequest)]
2021-04-16 15:19:26,341 INFO [main] o.s.s.c.ThreadPoolTaskExecutor [ExecutorConfigurationSupport.java : 181] Initializing ExecutorService 'applicationTaskExecutor'
2021-04-16 15:19:26,884 INFO [main] s.d.s.w.p.DocumentationPluginsBootstrapper [DocumentationPluginsBootstrapper.java : 160] Context refreshed
2021-04-16 15:19:26,905 INFO [main] s.d.s.w.p.DocumentationPluginsBootstrapper [DocumentationPluginsBootstrapper.java : 163] Found 1 custom documentation plugin(s)
2021-04-16 15:19:26,933 INFO [main] s.d.s.w.s.ApiListingReferenceScanner [ApiListingReferenceScanner.java : 41] Scanning for api listing references
2021-04-16 15:19:27,094 INFO [main] s.d.s.w.r.o.CachingOperationNameGenerator [CachingOperationNameGenerator.java : 40] Generating unique operation named: queryUsingPOST_1
2021-04-16 15:19:27,099 INFO [main] s.d.s.w.r.o.CachingOperationNameGenerator [CachingOperationNameGenerator.java : 40] Generating unique operation named: deleteByIdsUsingPOST_1
2021-04-16 15:19:27,102 INFO [main] s.d.s.w.r.o.CachingOperationNameGenerator [CachingOperationNameGenerator.java : 40] Generating unique operation named: insertUsingPOST_1
2021-04-16 15:19:27,107 INFO [main] s.d.s.w.r.o.CachingOperationNameGenerator [CachingOperationNameGenerator.java : 40] Generating unique operation named: queryUsingPOST_2
2021-04-16 15:19:27,109 INFO [main] s.d.s.w.r.o.CachingOperationNameGenerator [CachingOperationNameGenerator.java : 40] Generating unique operation named: updateUsingPOST_1
2021-04-16 15:19:27,112 INFO [main] s.d.s.w.r.o.CachingOperationNameGenerator [CachingOperationNameGenerator.java : 40] Generating unique operation named: loginUsingPOST_1
2021-04-16 15:19:27,721 INFO [main] o.s.s.a.ScheduledAnnotationBeanPostProcessor [ScheduledAnnotationBeanPostProcessor.java : 309] No TaskScheduler/ScheduledExecutorService bean found for scheduled processing
2021-04-16 15:19:27,733 INFO [main] c.c.w.g.c.GscCollectionControllerTest [StartupInfoLogger.java : 61] Started GscCollectionControllerTest in 31.112 seconds (JVM running for 31.896)
2021-04-16 15:19:27,894 INFO [main] c.c.w.c.c.aspect.ControllerLogAspect [ControllerLogAspect.java : 37] URL : http://localhost
2021-04-16 15:19:27,894 INFO [main] c.c.w.c.c.aspect.ControllerLogAspect [ControllerLogAspect.java : 38] HTTP METHOD : 
2021-04-16 15:19:27,894 INFO [main] c.c.w.c.c.aspect.ControllerLogAspect [ControllerLogAspect.java : 39] IP : 127.0.0.1
2021-04-16 15:19:27,895 INFO [main] c.c.w.c.c.aspect.ControllerLogAspect [ControllerLogAspect.java : 40] CLASS_METHOD : com.crh.wxbase.gsc.controller.GscCollectionController.queryCollection
2021-04-16 15:19:27,899 INFO [main] c.c.w.c.c.aspect.ControllerLogAspect [ControllerLogAspect.java : 42] PARAMS : [{"page":1,"pageSize":10,"collectType":"0","parentFolderId":"1"}]
2021-04-16 15:19:28,004 INFO [main] com.zaxxer.hikari.HikariDataSource [HikariDataSource.java : 110] HikariPool-1 - Starting...
2021-04-16 15:19:28,308 INFO [main] com.zaxxer.hikari.HikariDataSource [HikariDataSource.java : 123] HikariPool-1 - Start completed.
2021-04-16 15:19:28,463 INFO [main] c.c.w.c.c.aspect.ControllerLogAspect [ControllerLogAspect.java : 53] RESULT : {"code":200,"msg":"请求成功","items":[{"openId":"oPkYQ5PB0939moD3qTCLQB-vElz8","name":"送东阳马生旭2","hasFolder":"0","collectType":"0","collectId":102,"parentFolderId":1,"id":4},{"openId":"oPkYQ5PB0939moD3qTCLQB-vElz8","name":"送东阳马生旭3","hasFolder":"0","collectType":"0","collectId":103,"parentFolderId":1,"id":5}],"page":{"currentPage":1,"pageSize":10,"totalPages":1,"totalRows":2}}
2021-04-16 15:19:28,463 INFO [main] c.c.w.c.c.aspect.ControllerLogAspect [ControllerLogAspect.java : 65] 耗时 :570毫秒 
2021-04-16 15:19:28,464 INFO [main] c.c.w.g.c.GscCollectionControllerTest [GscCollectionControllerTest.java : 35] {"code":200,"msg":"请求成功","items":[{"openId":"oPkYQ5PB0939moD3qTCLQB-vElz8","name":"送东阳马生旭2","hasFolder":"0","collectType":"0","collectId":102,"parentFolderId":1,"id":4},{"openId":"oPkYQ5PB0939moD3qTCLQB-vElz8","name":"送东阳马生旭3","hasFolder":"0","collectType":"0","collectId":103,"parentFolderId":1,"id":5}],"page":{"currentPage":1,"pageSize":10,"totalPages":1,"totalRows":2}}
2021-04-16 15:19:28,496 INFO [SpringContextShutdownHook] o.s.s.c.ThreadPoolTaskExecutor [ExecutorConfigurationSupport.java : 218] Shutting down ExecutorService 'applicationTaskExecutor'
2021-04-16 15:19:28,501 INFO [SpringContextShutdownHook] com.zaxxer.hikari.HikariDataSource [HikariDataSource.java : 350] HikariPool-1 - Shutdown initiated...
2021-04-16 15:19:28,518 INFO [SpringContextShutdownHook] com.zaxxer.hikari.HikariDataSource [HikariDataSource.java : 352] HikariPool-1 - Shutdown completed.
